2025-08-03T17:24:46.609+05:00  INFO 8864 --- [api.web-blogging.uz] [main] api.web_blogging.uz.Application          : Starting Application using Java 23.0.2 with PID 8864 (D:\IT\Learning\Java\web-blogging\target\classes started by Victus in D:\IT\Learning\Java\web-blogging)
2025-08-03T17:24:46.612+05:00  INFO 8864 --- [api.web-blogging.uz] [main] api.web_blogging.uz.Application          : The following 1 profile is active: "local"
2025-08-03T17:24:48.561+05:00  INFO 8864 --- [api.web-blogging.uz] [main] .s.d.r.c.RepositoryConfigurationDelegate : Bootstrapping Spring Data JPA repositories in DEFAULT mode.
2025-08-03T17:24:48.649+05:00  INFO 8864 --- [api.web-blogging.uz] [main] .s.d.r.c.RepositoryConfigurationDelegate : Finished Spring Data repository scanning in 77 ms. Found 6 JPA repository interfaces.
2025-08-03T17:24:49.251+05:00  INFO 8864 --- [api.web-blogging.uz] [main] o.s.b.w.embedded.tomcat.TomcatWebServer  : Tomcat initialized with port 9999 (http)
2025-08-03T17:24:49.268+05:00  INFO 8864 --- [api.web-blogging.uz] [main] o.apache.catalina.core.StandardService   : Starting service [Tomcat]
2025-08-03T17:24:49.268+05:00  INFO 8864 --- [api.web-blogging.uz] [main] o.apache.catalina.core.StandardEngine    : Starting Servlet engine: [Apache Tomcat/10.1.42]
2025-08-03T17:24:49.332+05:00  INFO 8864 --- [api.web-blogging.uz] [main] o.a.c.c.C.[Tomcat].[localhost].[/]       : Initializing Spring embedded WebApplicationContext
2025-08-03T17:24:49.333+05:00  INFO 8864 --- [api.web-blogging.uz] [main] w.s.c.ServletWebServerApplicationContext : Root WebApplicationContext: initialization completed in 2664 ms
2025-08-03T17:24:49.511+05:00  INFO 8864 --- [api.web-blogging.uz] [main] o.hibernate.jpa.internal.util.LogHelper  : HHH000204: Processing PersistenceUnitInfo [name: default]
2025-08-03T17:24:49.590+05:00  INFO 8864 --- [api.web-blogging.uz] [main] org.hibernate.Version                    : HHH000412: Hibernate ORM core version 6.6.18.Final
2025-08-03T17:24:49.633+05:00  INFO 8864 --- [api.web-blogging.uz] [main] o.h.c.internal.RegionFactoryInitiator    : HHH000026: Second-level cache disabled
2025-08-03T17:24:50.010+05:00  INFO 8864 --- [api.web-blogging.uz] [main] o.s.o.j.p.SpringPersistenceUnitInfo      : No LoadTimeWeaver setup: ignoring JPA class transformer
2025-08-03T17:24:50.052+05:00  INFO 8864 --- [api.web-blogging.uz] [main] com.zaxxer.hikari.HikariDataSource       : HikariPool-1 - Starting...
2025-08-03T17:24:50.289+05:00  INFO 8864 --- [api.web-blogging.uz] [main] com.zaxxer.hikari.pool.HikariPool        : HikariPool-1 - Added connection org.postgresql.jdbc.PgConnection@2efcc0b3
2025-08-03T17:24:50.291+05:00  INFO 8864 --- [api.web-blogging.uz] [main] com.zaxxer.hikari.HikariDataSource       : HikariPool-1 - Start completed.
2025-08-03T17:24:50.350+05:00  WARN 8864 --- [api.web-blogging.uz] [main] org.hibernate.orm.deprecation            : HHH90000025: PostgreSQLDialect does not need to be specified explicitly using 'hibernate.dialect' (remove the property setting and it will be selected by default)
2025-08-03T17:24:50.374+05:00  INFO 8864 --- [api.web-blogging.uz] [main] org.hibernate.orm.connections.pooling    : HHH10001005: Database info:
	Database JDBC URL [Connecting through datasource 'HikariDataSource (HikariPool-1)']
	Database driver: undefined/unknown
	Database version: 17.2
	Autocommit mode: undefined/unknown
	Isolation level: undefined/unknown
	Minimum pool size: undefined/unknown
	Maximum pool size: undefined/unknown
2025-08-03T17:24:51.772+05:00  INFO 8864 --- [api.web-blogging.uz] [main] o.h.e.t.j.p.i.JtaPlatformInitiator       : HHH000489: No JTA platform available (set 'hibernate.transaction.jta.platform' to enable JTA platform integration)
2025-08-03T17:24:52.111+05:00  INFO 8864 --- [api.web-blogging.uz] [main] j.LocalContainerEntityManagerFactoryBean : Initialized JPA EntityManagerFactory for persistence unit 'default'
2025-08-03T17:24:52.405+05:00  INFO 8864 --- [api.web-blogging.uz] [main] o.s.d.j.r.query.QueryEnhancerFactory     : Hibernate is in classpath; If applicable, HQL parser will be used.
2025-08-03T17:24:52.988+05:00 ERROR 8864 --- [api.web-blogging.uz] [main] o.s.b.web.embedded.tomcat.TomcatStarter  : Error starting Tomcat context. Exception: org.springframework.beans.factory.UnsatisfiedDependencyException. Message: Error creating bean with name 'jwtAuthenticationFilter': Unsatisfied dependency expressed through field 'userDetailsService': Error creating bean with name 'customUserDetailsService': Unsatisfied dependency expressed through field 'profileRepository': Error creating bean with name 'profileRepository' defined in api.web_blogging.uz.repository.ProfileRepository defined in @EnableJpaRepositories declared on JpaRepositoriesRegistrar.EnableJpaRepositoriesConfiguration: Could not create query for public abstract org.springframework.data.domain.Page api.web_blogging.uz.repository.ProfileRepository.filterWithQuery(java.lang.String,org.springframework.data.domain.PageRequest); Reason: At 1:29 and token '=', extraneous input '=' expecting {'(', '[', ':', '{', '?', ID, VERSION, VERSIONED, NATURALID, FK, ALL, AND, ANY, AS, ASC, AVG, BETWEEN, BOTH, BREADTH, BY, CASE, CAST, COLLATE, COLUMN, CONFLICT, CONSTRAINT, CONTAINS, COUNT, CROSS, CUBE, CURRENT, CURRENT_DATE, CURRENT_INSTANT, CURRENT_TIME, CURRENT_TIMESTAMP, CYCLE, DATE, DATETIME, DAY, DEFAULT, DELETE, DEPTH, DESC, DISTINCT, DO, ELEMENT, ELEMENTS, ELSE, EMPTY, END, ENTRY, EPOCH, ERROR, ESCAPE, EVERY, EXCEPT, EXCLUDE, EXISTS, EXTRACT, FETCH, FILTER, FIRST, FOLLOWING, FOR, FORMAT, FROM, FULL, FUNCTION, GROUP, GROUPS, HAVING, HOUR, IGNORE, ILIKE, IN, INCLUDES, INDEX, INDICES, INNER, INSERT, INSTANT, INTERSECT, INTERSECTS, INTO, IS, JOIN, KEY, KEYS, LAST, LATERAL, LEADING, LEFT, LIKE, LIMIT, LIST, LISTAGG, LOCAL, LOCAL_DATE, LOCAL_DATETIME, LOCAL_TIME, MAP, MATERIALIZED, MAX, MAXELEMENT, MAXINDEX, MEMBER, MICROSECOND, MILLISECOND, MIN, MINELEMENT, MININDEX, MINUTE, MONTH, NANOSECOND, NEW, NEXT, NO, NOT, NOTHING, NULLS, OBJECT, OF, OFFSET, OFFSET_DATETIME, ON, ONLY, OR, ORDER, OTHERS, OUTER, OVER, OVERFLOW, OVERLAY, PAD, PARTITION, PERCENT, PLACING, POSITION, PRECEDING, QUARTER, RANGE, RESPECT, RIGHT, ROLLUP, ROW, ROWS, SEARCH, SECOND, SELECT, SET, SIZE, SOME, SUBSTRING, SUM, THEN, TIES, TIME, TIMESTAMP, TIMEZONE_HOUR, TIMEZONE_MINUTE, TO, TRAILING, TREAT, TRIM, TRUNC, TRUNCATE, TYPE, UNBOUNDED, UNION, UPDATE, USING, VALUE, VALUES, WEEK, WHEN, WHERE, WITH, WITHIN, WITHOUT, YEAR, ZONED, NULL, TRUE, FALSE, STRING_LITERAL, JAVA_STRING_LITERAL, INTEGER_LITERAL, LONG_LITERAL, FLOAT_LITERAL, DOUBLE_LITERAL, BIG_INTEGER_LITERAL, BIG_DECIMAL_LITERAL, HEX_LITERAL, BINARY_LITERAL, '{ts', '{d', '{t', '+', '-', IDENTIFIER, QUOTED_IDENTIFIER}; Bad HQL grammar [From ProfileEntity where id == ?1 or lower(username) like ?2 or lower(name) like ?2]
2025-08-03T17:24:53.019+05:00  INFO 8864 --- [api.web-blogging.uz] [main] o.apache.catalina.core.StandardService   : Stopping service [Tomcat]
2025-08-03T17:24:53.022+05:00  WARN 8864 --- [api.web-blogging.uz] [main] o.a.c.loader.WebappClassLoaderBase       : The web application [ROOT] appears to have started a thread named [HikariPool-1:housekeeper] but has failed to stop it. This is very likely to create a memory leak. Stack trace of thread:
 java.base/jdk.internal.misc.Unsafe.park(Native Method)
 java.base/java.util.concurrent.locks.LockSupport.parkNanos(LockSupport.java:269)
 java.base/java.util.concurrent.locks.AbstractQueuedSynchronizer$ConditionObject.awaitNanos(AbstractQueuedSynchronizer.java:1763)
 java.base/java.util.concurrent.ScheduledThreadPoolExecutor$DelayedWorkQueue.take(ScheduledThreadPoolExecutor.java:1182)
 java.base/java.util.concurrent.ScheduledThreadPoolExecutor$DelayedWorkQueue.take(ScheduledThreadPoolExecutor.java:899)
 java.base/java.util.concurrent.ThreadPoolExecutor.getTask(ThreadPoolExecutor.java:1070)
 java.base/java.util.concurrent.ThreadPoolExecutor.runWorker(ThreadPoolExecutor.java:1130)
 java.base/java.util.concurrent.ThreadPoolExecutor$Worker.run(ThreadPoolExecutor.java:642)
 java.base/java.lang.Thread.run(Thread.java:1575)
2025-08-03T17:24:53.022+05:00  WARN 8864 --- [api.web-blogging.uz] [main] o.a.c.loader.WebappClassLoaderBase       : The web application [ROOT] appears to have started a thread named [HikariPool-1:connection-adder] but has failed to stop it. This is very likely to create a memory leak. Stack trace of thread:
 java.base/jdk.internal.misc.Unsafe.park(Native Method)
 java.base/java.util.concurrent.locks.LockSupport.parkNanos(LockSupport.java:269)
 java.base/java.util.concurrent.locks.AbstractQueuedSynchronizer$ConditionObject.awaitNanos(AbstractQueuedSynchronizer.java:1763)
 java.base/java.util.concurrent.LinkedBlockingQueue.poll(LinkedBlockingQueue.java:460)
 java.base/java.util.concurrent.ThreadPoolExecutor.getTask(ThreadPoolExecutor.java:1069)
 java.base/java.util.concurrent.ThreadPoolExecutor.runWorker(ThreadPoolExecutor.java:1130)
 java.base/java.util.concurrent.ThreadPoolExecutor$Worker.run(ThreadPoolExecutor.java:642)
 java.base/java.lang.Thread.run(Thread.java:1575)
2025-08-03T17:24:53.027+05:00  WARN 8864 --- [api.web-blogging.uz] [main] ConfigServletWebServerApplicationContext : Exception encountered during context initialization - cancelling refresh attempt: org.springframework.context.ApplicationContextException: Unable to start web server
2025-08-03T17:24:53.027+05:00  INFO 8864 --- [api.web-blogging.uz] [main] j.LocalContainerEntityManagerFactoryBean : Closing JPA EntityManagerFactory for persistence unit 'default'
2025-08-03T17:24:53.030+05:00  INFO 8864 --- [api.web-blogging.uz] [main] com.zaxxer.hikari.HikariDataSource       : HikariPool-1 - Shutdown initiated...
2025-08-03T17:24:53.039+05:00  INFO 8864 --- [api.web-blogging.uz] [main] com.zaxxer.hikari.HikariDataSource       : HikariPool-1 - Shutdown completed.
2025-08-03T17:24:53.055+05:00  INFO 8864 --- [api.web-blogging.uz] [main] .s.b.a.l.ConditionEvaluationReportLogger : 

Error starting ApplicationContext. To display the condition evaluation report re-run your application with 'debug' enabled.
2025-08-03T17:24:53.075+05:00 ERROR 8864 --- [api.web-blogging.uz] [main] o.s.boot.SpringApplication               : Application run failed

org.springframework.context.ApplicationContextException: Unable to start web server
	at org.springframework.boot.web.servlet.context.ServletWebServerApplicationContext.onRefresh(ServletWebServerApplicationContext.java:170) ~[spring-boot-3.5.3.jar:3.5.3]
	at org.springframework.context.support.AbstractApplicationContext.refresh(AbstractApplicationContext.java:621) ~[spring-context-6.2.8.jar:6.2.8]
	at org.springframework.boot.web.servlet.context.ServletWebServerApplicationContext.refresh(ServletWebServerApplicationContext.java:146) ~[spring-boot-3.5.3.jar:3.5.3]
	at org.springframework.boot.SpringApplication.refresh(SpringApplication.java:752) ~[spring-boot-3.5.3.jar:3.5.3]
	at org.springframework.boot.SpringApplication.refreshContext(SpringApplication.java:439) ~[spring-boot-3.5.3.jar:3.5.3]
	at org.springframework.boot.SpringApplication.run(SpringApplication.java:318) ~[spring-boot-3.5.3.jar:3.5.3]
	at org.springframework.boot.SpringApplication.run(SpringApplication.java:1361) ~[spring-boot-3.5.3.jar:3.5.3]
	at org.springframework.boot.SpringApplication.run(SpringApplication.java:1350) ~[spring-boot-3.5.3.jar:3.5.3]
	at api.web_blogging.uz.Application.main(Application.java:10) ~[classes/:na]
Caused by: org.springframework.boot.web.server.WebServerException: Unable to start embedded Tomcat
	at org.springframework.boot.web.embedded.tomcat.TomcatWebServer.initialize(TomcatWebServer.java:147) ~[spring-boot-3.5.3.jar:3.5.3]
	at org.springframework.boot.web.embedded.tomcat.TomcatWebServer.<init>(TomcatWebServer.java:107) ~[spring-boot-3.5.3.jar:3.5.3]
	at org.springframework.boot.web.embedded.tomcat.TomcatServletWebServerFactory.getTomcatWebServer(TomcatServletWebServerFactory.java:517) ~[spring-boot-3.5.3.jar:3.5.3]
	at org.springframework.boot.web.embedded.tomcat.TomcatServletWebServerFactory.getWebServer(TomcatServletWebServerFactory.java:219) ~[spring-boot-3.5.3.jar:3.5.3]
	at org.springframework.boot.web.servlet.context.ServletWebServerApplicationContext.createWebServer(ServletWebServerApplicationContext.java:193) ~[spring-boot-3.5.3.jar:3.5.3]
	at org.springframework.boot.web.servlet.context.ServletWebServerApplicationContext.onRefresh(ServletWebServerApplicationContext.java:167) ~[spring-boot-3.5.3.jar:3.5.3]
	... 8 common frames omitted
Caused by: org.springframework.beans.factory.UnsatisfiedDependencyException: Error creating bean with name 'jwtAuthenticationFilter': Unsatisfied dependency expressed through field 'userDetailsService': Error creating bean with name 'customUserDetailsService': Unsatisfied dependency expressed through field 'profileRepository': Error creating bean with name 'profileRepository' defined in api.web_blogging.uz.repository.ProfileRepository defined in @EnableJpaRepositories declared on JpaRepositoriesRegistrar.EnableJpaRepositoriesConfiguration: Could not create query for public abstract org.springframework.data.domain.Page api.web_blogging.uz.repository.ProfileRepository.filterWithQuery(java.lang.String,org.springframework.data.domain.PageRequest); Reason: At 1:29 and token '=', extraneous input '=' expecting {'(', '[', ':', '{', '?', ID, VERSION, VERSIONED, NATURALID, FK, ALL, AND, ANY, AS, ASC, AVG, BETWEEN, BOTH, BREADTH, BY, CASE, CAST, COLLATE, COLUMN, CONFLICT, CONSTRAINT, CONTAINS, COUNT, CROSS, CUBE, CURRENT, CURRENT_DATE, CURRENT_INSTANT, CURRENT_TIME, CURRENT_TIMESTAMP, CYCLE, DATE, DATETIME, DAY, DEFAULT, DELETE, DEPTH, DESC, DISTINCT, DO, ELEMENT, ELEMENTS, ELSE, EMPTY, END, ENTRY, EPOCH, ERROR, ESCAPE, EVERY, EXCEPT, EXCLUDE, EXISTS, EXTRACT, FETCH, FILTER, FIRST, FOLLOWING, FOR, FORMAT, FROM, FULL, FUNCTION, GROUP, GROUPS, HAVING, HOUR, IGNORE, ILIKE, IN, INCLUDES, INDEX, INDICES, INNER, INSERT, INSTANT, INTERSECT, INTERSECTS, INTO, IS, JOIN, KEY, KEYS, LAST, LATERAL, LEADING, LEFT, LIKE, LIMIT, LIST, LISTAGG, LOCAL, LOCAL_DATE, LOCAL_DATETIME, LOCAL_TIME, MAP, MATERIALIZED, MAX, MAXELEMENT, MAXINDEX, MEMBER, MICROSECOND, MILLISECOND, MIN, MINELEMENT, MININDEX, MINUTE, MONTH, NANOSECOND, NEW, NEXT, NO, NOT, NOTHING, NULLS, OBJECT, OF, OFFSET, OFFSET_DATETIME, ON, ONLY, OR, ORDER, OTHERS, OUTER, OVER, OVERFLOW, OVERLAY, PAD, PARTITION, PERCENT, PLACING, POSITION, PRECEDING, QUARTER, RANGE, RESPECT, RIGHT, ROLLUP, ROW, ROWS, SEARCH, SECOND, SELECT, SET, SIZE, SOME, SUBSTRING, SUM, THEN, TIES, TIME, TIMESTAMP, TIMEZONE_HOUR, TIMEZONE_MINUTE, TO, TRAILING, TREAT, TRIM, TRUNC, TRUNCATE, TYPE, UNBOUNDED, UNION, UPDATE, USING, VALUE, VALUES, WEEK, WHEN, WHERE, WITH, WITHIN, WITHOUT, YEAR, ZONED, NULL, TRUE, FALSE, STRING_LITERAL, JAVA_STRING_LITERAL, INTEGER_LITERAL, LONG_LITERAL, FLOAT_LITERAL, DOUBLE_LITERAL, BIG_INTEGER_LITERAL, BIG_DECIMAL_LITERAL, HEX_LITERAL, BINARY_LITERAL, '{ts', '{d', '{t', '+', '-', IDENTIFIER, QUOTED_IDENTIFIER}; Bad HQL grammar [From ProfileEntity where id == ?1 or lower(username) like ?2 or lower(name) like ?2]
	at org.springframework.beans.factory.annotation.AutowiredAnnotationBeanPostProcessor$AutowiredFieldElement.resolveFieldValue(AutowiredAnnotationBeanPostProcessor.java:788) ~[spring-beans-6.2.8.jar:6.2.8]
	at org.springframework.beans.factory.annotation.AutowiredAnnotationBeanPostProcessor$AutowiredFieldElement.inject(AutowiredAnnotationBeanPostProcessor.java:768) ~[spring-beans-6.2.8.jar:6.2.8]
	at org.springframework.beans.factory.annotation.InjectionMetadata.inject(InjectionMetadata.java:146) ~[spring-beans-6.2.8.jar:6.2.8]
	at org.springframework.beans.factory.annotation.AutowiredAnnotationBeanPostProcessor.postProcessProperties(AutowiredAnnotationBeanPostProcessor.java:509) ~[spring-beans-6.2.8.jar:6.2.8]
	at org.springframework.beans.factory.support.AbstractAutowireCapableBeanFactory.populateBean(AbstractAutowireCapableBeanFactory.java:1459) ~[spring-beans-6.2.8.jar:6.2.8]
	at org.springframework.beans.factory.support.AbstractAutowireCapableBeanFactory.doCreateBean(AbstractAutowireCapableBeanFactory.java:606) ~[spring-beans-6.2.8.jar:6.2.8]
	at org.springframework.beans.factory.support.AbstractAutowireCapableBeanFactory.createBean(AbstractAutowireCapableBeanFactory.java:529) ~[spring-beans-6.2.8.jar:6.2.8]
	at org.springframework.beans.factory.support.AbstractBeanFactory.lambda$doGetBean$0(AbstractBeanFactory.java:339) ~[spring-beans-6.2.8.jar:6.2.8]
	at org.springframework.beans.factory.support.DefaultSingletonBeanRegistry.getSingleton(DefaultSingletonBeanRegistry.java:373) ~[spring-beans-6.2.8.jar:6.2.8]
	at org.springframework.beans.factory.support.AbstractBeanFactory.doGetBean(AbstractBeanFactory.java:337) ~[spring-beans-6.2.8.jar:6.2.8]
	at org.springframework.beans.factory.support.AbstractBeanFactory.getBean(AbstractBeanFactory.java:207) ~[spring-beans-6.2.8.jar:6.2.8]
	at org.springframework.boot.web.servlet.ServletContextInitializerBeans.getOrderedBeansOfType(ServletContextInitializerBeans.java:230) ~[spring-boot-3.5.3.jar:3.5.3]
	at org.springframework.boot.web.servlet.ServletContextInitializerBeans.addAsRegistrationBean(ServletContextInitializerBeans.java:184) ~[spring-boot-3.5.3.jar:3.5.3]
	at org.springframework.boot.web.servlet.ServletContextInitializerBeans.addAsRegistrationBean(ServletContextInitializerBeans.java:179) ~[spring-boot-3.5.3.jar:3.5.3]
	at org.springframework.boot.web.servlet.ServletContextInitializerBeans.addAdaptableBeans(ServletContextInitializerBeans.java:164) ~[spring-boot-3.5.3.jar:3.5.3]
	at org.springframework.boot.web.servlet.ServletContextInitializerBeans.<init>(ServletContextInitializerBeans.java:96) ~[spring-boot-3.5.3.jar:3.5.3]
	at org.springframework.boot.web.servlet.context.ServletWebServerApplicationContext.getServletContextInitializerBeans(ServletWebServerApplicationContext.java:271) ~[spring-boot-3.5.3.jar:3.5.3]
	at org.springframework.boot.web.servlet.context.ServletWebServerApplicationContext.selfInitialize(ServletWebServerApplicationContext.java:245) ~[spring-boot-3.5.3.jar:3.5.3]
	at org.springframework.boot.web.embedded.tomcat.TomcatStarter.onStartup(TomcatStarter.java:52) ~[spring-boot-3.5.3.jar:3.5.3]
	at org.apache.catalina.core.StandardContext.startInternal(StandardContext.java:4464) ~[tomcat-embed-core-10.1.42.jar:10.1.42]
	at org.apache.catalina.util.LifecycleBase.start(LifecycleBase.java:164) ~[tomcat-embed-core-10.1.42.jar:10.1.42]
	at org.apache.catalina.core.ContainerBase$StartChild.call(ContainerBase.java:1203) ~[tomcat-embed-core-10.1.42.jar:10.1.42]
	at org.apache.catalina.core.ContainerBase$StartChild.call(ContainerBase.java:1193) ~[tomcat-embed-core-10.1.42.jar:10.1.42]
	at java.base/java.util.concurrent.FutureTask.run(FutureTask.java:317) ~[na:na]
	at org.apache.tomcat.util.threads.InlineExecutorService.execute(InlineExecutorService.java:75) ~[tomcat-embed-core-10.1.42.jar:10.1.42]
	at java.base/java.util.concurrent.AbstractExecutorService.submit(AbstractExecutorService.java:148) ~[na:na]
	at org.apache.catalina.core.ContainerBase.startInternal(ContainerBase.java:749) ~[tomcat-embed-core-10.1.42.jar:10.1.42]
	at org.apache.catalina.core.StandardHost.startInternal(StandardHost.java:772) ~[tomcat-embed-core-10.1.42.jar:10.1.42]
	at org.apache.catalina.util.LifecycleBase.start(LifecycleBase.java:164) ~[tomcat-embed-core-10.1.42.jar:10.1.42]
	at org.apache.catalina.core.ContainerBase$StartChild.call(ContainerBase.java:1203) ~[tomcat-embed-core-10.1.42.jar:10.1.42]
	at org.apache.catalina.core.ContainerBase$StartChild.call(ContainerBase.java:1193) ~[tomcat-embed-core-10.1.42.jar:10.1.42]
	at java.base/java.util.concurrent.FutureTask.run(FutureTask.java:317) ~[na:na]
	at org.apache.tomcat.util.threads.InlineExecutorService.execute(InlineExecutorService.java:75) ~[tomcat-embed-core-10.1.42.jar:10.1.42]
	at java.base/java.util.concurrent.AbstractExecutorService.submit(AbstractExecutorService.java:148) ~[na:na]
	at org.apache.catalina.core.ContainerBase.startInternal(ContainerBase.java:749) ~[tomcat-embed-core-10.1.42.jar:10.1.42]
	at org.apache.catalina.core.StandardEngine.startInternal(StandardEngine.java:203) ~[tomcat-embed-core-10.1.42.jar:10.1.42]
	at org.apache.catalina.util.LifecycleBase.start(LifecycleBase.java:164) ~[tomcat-embed-core-10.1.42.jar:10.1.42]
	at org.apache.catalina.core.StandardService.startInternal(StandardService.java:412) ~[tomcat-embed-core-10.1.42.jar:10.1.42]
	at org.apache.catalina.util.LifecycleBase.start(LifecycleBase.java:164) ~[tomcat-embed-core-10.1.42.jar:10.1.42]
	at org.apache.catalina.core.StandardServer.startInternal(StandardServer.java:870) ~[tomcat-embed-core-10.1.42.jar:10.1.42]
	at org.apache.catalina.util.LifecycleBase.start(LifecycleBase.java:164) ~[tomcat-embed-core-10.1.42.jar:10.1.42]
	at org.apache.catalina.startup.Tomcat.start(Tomcat.java:438) ~[tomcat-embed-core-10.1.42.jar:10.1.42]
	at org.springframework.boot.web.embedded.tomcat.TomcatWebServer.initialize(TomcatWebServer.java:128) ~[spring-boot-3.5.3.jar:3.5.3]
	... 13 common frames omitted
Caused by: org.springframework.beans.factory.UnsatisfiedDependencyException: Error creating bean with name 'customUserDetailsService': Unsatisfied dependency expressed through field 'profileRepository': Error creating bean with name 'profileRepository' defined in api.web_blogging.uz.repository.ProfileRepository defined in @EnableJpaRepositories declared on JpaRepositoriesRegistrar.EnableJpaRepositoriesConfiguration: Could not create query for public abstract org.springframework.data.domain.Page api.web_blogging.uz.repository.ProfileRepository.filterWithQuery(java.lang.String,org.springframework.data.domain.PageRequest); Reason: At 1:29 and token '=', extraneous input '=' expecting {'(', '[', ':', '{', '?', ID, VERSION, VERSIONED, NATURALID, FK, ALL, AND, ANY, AS, ASC, AVG, BETWEEN, BOTH, BREADTH, BY, CASE, CAST, COLLATE, COLUMN, CONFLICT, CONSTRAINT, CONTAINS, COUNT, CROSS, CUBE, CURRENT, CURRENT_DATE, CURRENT_INSTANT, CURRENT_TIME, CURRENT_TIMESTAMP, CYCLE, DATE, DATETIME, DAY, DEFAULT, DELETE, DEPTH, DESC, DISTINCT, DO, ELEMENT, ELEMENTS, ELSE, EMPTY, END, ENTRY, EPOCH, ERROR, ESCAPE, EVERY, EXCEPT, EXCLUDE, EXISTS, EXTRACT, FETCH, FILTER, FIRST, FOLLOWING, FOR, FORMAT, FROM, FULL, FUNCTION, GROUP, GROUPS, HAVING, HOUR, IGNORE, ILIKE, IN, INCLUDES, INDEX, INDICES, INNER, INSERT, INSTANT, INTERSECT, INTERSECTS, INTO, IS, JOIN, KEY, KEYS, LAST, LATERAL, LEADING, LEFT, LIKE, LIMIT, LIST, LISTAGG, LOCAL, LOCAL_DATE, LOCAL_DATETIME, LOCAL_TIME, MAP, MATERIALIZED, MAX, MAXELEMENT, MAXINDEX, MEMBER, MICROSECOND, MILLISECOND, MIN, MINELEMENT, MININDEX, MINUTE, MONTH, NANOSECOND, NEW, NEXT, NO, NOT, NOTHING, NULLS, OBJECT, OF, OFFSET, OFFSET_DATETIME, ON, ONLY, OR, ORDER, OTHERS, OUTER, OVER, OVERFLOW, OVERLAY, PAD, PARTITION, PERCENT, PLACING, POSITION, PRECEDING, QUARTER, RANGE, RESPECT, RIGHT, ROLLUP, ROW, ROWS, SEARCH, SECOND, SELECT, SET, SIZE, SOME, SUBSTRING, SUM, THEN, TIES, TIME, TIMESTAMP, TIMEZONE_HOUR, TIMEZONE_MINUTE, TO, TRAILING, TREAT, TRIM, TRUNC, TRUNCATE, TYPE, UNBOUNDED, UNION, UPDATE, USING, VALUE, VALUES, WEEK, WHEN, WHERE, WITH, WITHIN, WITHOUT, YEAR, ZONED, NULL, TRUE, FALSE, STRING_LITERAL, JAVA_STRING_LITERAL, INTEGER_LITERAL, LONG_LITERAL, FLOAT_LITERAL, DOUBLE_LITERAL, BIG_INTEGER_LITERAL, BIG_DECIMAL_LITERAL, HEX_LITERAL, BINARY_LITERAL, '{ts', '{d', '{t', '+', '-', IDENTIFIER, QUOTED_IDENTIFIER}; Bad HQL grammar [From ProfileEntity where id == ?1 or lower(username) like ?2 or lower(name) like ?2]
	at org.springframework.beans.factory.annotation.AutowiredAnnotationBeanPostProcessor$AutowiredFieldElement.resolveFieldValue(AutowiredAnnotationBeanPostProcessor.java:788) ~[spring-beans-6.2.8.jar:6.2.8]
	at org.springframework.beans.factory.annotation.AutowiredAnnotationBeanPostProcessor$AutowiredFieldElement.inject(AutowiredAnnotationBeanPostProcessor.java:768) ~[spring-beans-6.2.8.jar:6.2.8]
	at org.springframework.beans.factory.annotation.InjectionMetadata.inject(InjectionMetadata.java:146) ~[spring-beans-6.2.8.jar:6.2.8]
	at org.springframework.beans.factory.annotation.AutowiredAnnotationBeanPostProcessor.postProcessProperties(AutowiredAnnotationBeanPostProcessor.java:509) ~[spring-beans-6.2.8.jar:6.2.8]
	at org.springframework.beans.factory.support.AbstractAutowireCapableBeanFactory.populateBean(AbstractAutowireCapableBeanFactory.java:1459) ~[spring-beans-6.2.8.jar:6.2.8]
	at org.springframework.beans.factory.support.AbstractAutowireCapableBeanFactory.doCreateBean(AbstractAutowireCapableBeanFactory.java:606) ~[spring-beans-6.2.8.jar:6.2.8]
	at org.springframework.beans.factory.support.AbstractAutowireCapableBeanFactory.createBean(AbstractAutowireCapableBeanFactory.java:529) ~[spring-beans-6.2.8.jar:6.2.8]
	at org.springframework.beans.factory.support.AbstractBeanFactory.lambda$doGetBean$0(AbstractBeanFactory.java:339) ~[spring-beans-6.2.8.jar:6.2.8]
	at org.springframework.beans.factory.support.DefaultSingletonBeanRegistry.getSingleton(DefaultSingletonBeanRegistry.java:373) ~[spring-beans-6.2.8.jar:6.2.8]
	at org.springframework.beans.factory.support.AbstractBeanFactory.doGetBean(AbstractBeanFactory.java:337) ~[spring-beans-6.2.8.jar:6.2.8]
	at org.springframework.beans.factory.support.AbstractBeanFactory.getBean(AbstractBeanFactory.java:202) ~[spring-beans-6.2.8.jar:6.2.8]
	at org.springframework.beans.factory.config.DependencyDescriptor.resolveCandidate(DependencyDescriptor.java:254) ~[spring-beans-6.2.8.jar:6.2.8]
	at org.springframework.beans.factory.support.DefaultListableBeanFactory.doResolveDependency(DefaultListableBeanFactory.java:1745) ~[spring-beans-6.2.8.jar:6.2.8]
	at org.springframework.beans.factory.support.DefaultListableBeanFactory.resolveDependency(DefaultListableBeanFactory.java:1628) ~[spring-beans-6.2.8.jar:6.2.8]
	at org.springframework.beans.factory.annotation.AutowiredAnnotationBeanPostProcessor$AutowiredFieldElement.resolveFieldValue(AutowiredAnnotationBeanPostProcessor.java:785) ~[spring-beans-6.2.8.jar:6.2.8]
	... 55 common frames omitted
Caused by: org.springframework.beans.factory.BeanCreationException: Error creating bean with name 'profileRepository' defined in api.web_blogging.uz.repository.ProfileRepository defined in @EnableJpaRepositories declared on JpaRepositoriesRegistrar.EnableJpaRepositoriesConfiguration: Could not create query for public abstract org.springframework.data.domain.Page api.web_blogging.uz.repository.ProfileRepository.filterWithQuery(java.lang.String,org.springframework.data.domain.PageRequest); Reason: At 1:29 and token '=', extraneous input '=' expecting {'(', '[', ':', '{', '?', ID, VERSION, VERSIONED, NATURALID, FK, ALL, AND, ANY, AS, ASC, AVG, BETWEEN, BOTH, BREADTH, BY, CASE, CAST, COLLATE, COLUMN, CONFLICT, CONSTRAINT, CONTAINS, COUNT, CROSS, CUBE, CURRENT, CURRENT_DATE, CURRENT_INSTANT, CURRENT_TIME, CURRENT_TIMESTAMP, CYCLE, DATE, DATETIME, DAY, DEFAULT, DELETE, DEPTH, DESC, DISTINCT, DO, ELEMENT, ELEMENTS, ELSE, EMPTY, END, ENTRY, EPOCH, ERROR, ESCAPE, EVERY, EXCEPT, EXCLUDE, EXISTS, EXTRACT, FETCH, FILTER, FIRST, FOLLOWING, FOR, FORMAT, FROM, FULL, FUNCTION, GROUP, GROUPS, HAVING, HOUR, IGNORE, ILIKE, IN, INCLUDES, INDEX, INDICES, INNER, INSERT, INSTANT, INTERSECT, INTERSECTS, INTO, IS, JOIN, KEY, KEYS, LAST, LATERAL, LEADING, LEFT, LIKE, LIMIT, LIST, LISTAGG, LOCAL, LOCAL_DATE, LOCAL_DATETIME, LOCAL_TIME, MAP, MATERIALIZED, MAX, MAXELEMENT, MAXINDEX, MEMBER, MICROSECOND, MILLISECOND, MIN, MINELEMENT, MININDEX, MINUTE, MONTH, NANOSECOND, NEW, NEXT, NO, NOT, NOTHING, NULLS, OBJECT, OF, OFFSET, OFFSET_DATETIME, ON, ONLY, OR, ORDER, OTHERS, OUTER, OVER, OVERFLOW, OVERLAY, PAD, PARTITION, PERCENT, PLACING, POSITION, PRECEDING, QUARTER, RANGE, RESPECT, RIGHT, ROLLUP, ROW, ROWS, SEARCH, SECOND, SELECT, SET, SIZE, SOME, SUBSTRING, SUM, THEN, TIES, TIME, TIMESTAMP, TIMEZONE_HOUR, TIMEZONE_MINUTE, TO, TRAILING, TREAT, TRIM, TRUNC, TRUNCATE, TYPE, UNBOUNDED, UNION, UPDATE, USING, VALUE, VALUES, WEEK, WHEN, WHERE, WITH, WITHIN, WITHOUT, YEAR, ZONED, NULL, TRUE, FALSE, STRING_LITERAL, JAVA_STRING_LITERAL, INTEGER_LITERAL, LONG_LITERAL, FLOAT_LITERAL, DOUBLE_LITERAL, BIG_INTEGER_LITERAL, BIG_DECIMAL_LITERAL, HEX_LITERAL, BINARY_LITERAL, '{ts', '{d', '{t', '+', '-', IDENTIFIER, QUOTED_IDENTIFIER}; Bad HQL grammar [From ProfileEntity where id == ?1 or lower(username) like ?2 or lower(name) like ?2]
	at org.springframework.beans.factory.support.AbstractAutowireCapableBeanFactory.initializeBean(AbstractAutowireCapableBeanFactory.java:1826) ~[spring-beans-6.2.8.jar:6.2.8]
	at org.springframework.beans.factory.support.AbstractAutowireCapableBeanFactory.doCreateBean(AbstractAutowireCapableBeanFactory.java:607) ~[spring-beans-6.2.8.jar:6.2.8]
	at org.springframework.beans.factory.support.AbstractAutowireCapableBeanFactory.createBean(AbstractAutowireCapableBeanFactory.java:529) ~[spring-beans-6.2.8.jar:6.2.8]
	at org.springframework.beans.factory.support.AbstractBeanFactory.lambda$doGetBean$0(AbstractBeanFactory.java:339) ~[spring-beans-6.2.8.jar:6.2.8]
	at org.springframework.beans.factory.support.DefaultSingletonBeanRegistry.getSingleton(DefaultSingletonBeanRegistry.java:373) ~[spring-beans-6.2.8.jar:6.2.8]
	at org.springframework.beans.factory.support.AbstractBeanFactory.doGetBean(AbstractBeanFactory.java:337) ~[spring-beans-6.2.8.jar:6.2.8]
	at org.springframework.beans.factory.support.AbstractBeanFactory.getBean(AbstractBeanFactory.java:202) ~[spring-beans-6.2.8.jar:6.2.8]
	at org.springframework.beans.factory.support.DefaultListableBeanFactory.doResolveDependency(DefaultListableBeanFactory.java:1683) ~[spring-beans-6.2.8.jar:6.2.8]
	at org.springframework.beans.factory.support.DefaultListableBeanFactory.resolveDependency(DefaultListableBeanFactory.java:1628) ~[spring-beans-6.2.8.jar:6.2.8]
	at org.springframework.beans.factory.annotation.AutowiredAnnotationBeanPostProcessor$AutowiredFieldElement.resolveFieldValue(AutowiredAnnotationBeanPostProcessor.java:785) ~[spring-beans-6.2.8.jar:6.2.8]
	... 69 common frames omitted
Caused by: org.springframework.data.repository.query.QueryCreationException: Could not create query for public abstract org.springframework.data.domain.Page api.web_blogging.uz.repository.ProfileRepository.filterWithQuery(java.lang.String,org.springframework.data.domain.PageRequest); Reason: At 1:29 and token '=', extraneous input '=' expecting {'(', '[', ':', '{', '?', ID, VERSION, VERSIONED, NATURALID, FK, ALL, AND, ANY, AS, ASC, AVG, BETWEEN, BOTH, BREADTH, BY, CASE, CAST, COLLATE, COLUMN, CONFLICT, CONSTRAINT, CONTAINS, COUNT, CROSS, CUBE, CURRENT, CURRENT_DATE, CURRENT_INSTANT, CURRENT_TIME, CURRENT_TIMESTAMP, CYCLE, DATE, DATETIME, DAY, DEFAULT, DELETE, DEPTH, DESC, DISTINCT, DO, ELEMENT, ELEMENTS, ELSE, EMPTY, END, ENTRY, EPOCH, ERROR, ESCAPE, EVERY, EXCEPT, EXCLUDE, EXISTS, EXTRACT, FETCH, FILTER, FIRST, FOLLOWING, FOR, FORMAT, FROM, FULL, FUNCTION, GROUP, GROUPS, HAVING, HOUR, IGNORE, ILIKE, IN, INCLUDES, INDEX, INDICES, INNER, INSERT, INSTANT, INTERSECT, INTERSECTS, INTO, IS, JOIN, KEY, KEYS, LAST, LATERAL, LEADING, LEFT, LIKE, LIMIT, LIST, LISTAGG, LOCAL, LOCAL_DATE, LOCAL_DATETIME, LOCAL_TIME, MAP, MATERIALIZED, MAX, MAXELEMENT, MAXINDEX, MEMBER, MICROSECOND, MILLISECOND, MIN, MINELEMENT, MININDEX, MINUTE, MONTH, NANOSECOND, NEW, NEXT, NO, NOT, NOTHING, NULLS, OBJECT, OF, OFFSET, OFFSET_DATETIME, ON, ONLY, OR, ORDER, OTHERS, OUTER, OVER, OVERFLOW, OVERLAY, PAD, PARTITION, PERCENT, PLACING, POSITION, PRECEDING, QUARTER, RANGE, RESPECT, RIGHT, ROLLUP, ROW, ROWS, SEARCH, SECOND, SELECT, SET, SIZE, SOME, SUBSTRING, SUM, THEN, TIES, TIME, TIMESTAMP, TIMEZONE_HOUR, TIMEZONE_MINUTE, TO, TRAILING, TREAT, TRIM, TRUNC, TRUNCATE, TYPE, UNBOUNDED, UNION, UPDATE, USING, VALUE, VALUES, WEEK, WHEN, WHERE, WITH, WITHIN, WITHOUT, YEAR, ZONED, NULL, TRUE, FALSE, STRING_LITERAL, JAVA_STRING_LITERAL, INTEGER_LITERAL, LONG_LITERAL, FLOAT_LITERAL, DOUBLE_LITERAL, BIG_INTEGER_LITERAL, BIG_DECIMAL_LITERAL, HEX_LITERAL, BINARY_LITERAL, '{ts', '{d', '{t', '+', '-', IDENTIFIER, QUOTED_IDENTIFIER}; Bad HQL grammar [From ProfileEntity where id == ?1 or lower(username) like ?2 or lower(name) like ?2]
	at org.springframework.data.repository.query.QueryCreationException.create(QueryCreationException.java:101) ~[spring-data-commons-3.5.1.jar:3.5.1]
	at org.springframework.data.repository.core.support.QueryExecutorMethodInterceptor.lookupQuery(QueryExecutorMethodInterceptor.java:120) ~[spring-data-commons-3.5.1.jar:3.5.1]
	at org.springframework.data.repository.core.support.QueryExecutorMethodInterceptor.mapMethodsToQuery(QueryExecutorMethodInterceptor.java:104) ~[spring-data-commons-3.5.1.jar:3.5.1]
	at org.springframework.data.repository.core.support.QueryExecutorMethodInterceptor.lambda$new$0(QueryExecutorMethodInterceptor.java:92) ~[spring-data-commons-3.5.1.jar:3.5.1]
	at java.base/java.util.Optional.map(Optional.java:260) ~[na:na]
	at org.springframework.data.repository.core.support.QueryExecutorMethodInterceptor.<init>(QueryExecutorMethodInterceptor.java:92) ~[spring-data-commons-3.5.1.jar:3.5.1]
	at org.springframework.data.repository.core.support.RepositoryFactorySupport.getRepository(RepositoryFactorySupport.java:434) ~[spring-data-commons-3.5.1.jar:3.5.1]
	at org.springframework.data.repository.core.support.RepositoryFactoryBeanSupport.lambda$afterPropertiesSet$4(RepositoryFactoryBeanSupport.java:350) ~[spring-data-commons-3.5.1.jar:3.5.1]
	at org.springframework.data.util.Lazy.getNullable(Lazy.java:135) ~[spring-data-commons-3.5.1.jar:3.5.1]
	at org.springframework.data.util.Lazy.get(Lazy.java:113) ~[spring-data-commons-3.5.1.jar:3.5.1]
	at org.springframework.data.repository.core.support.RepositoryFactoryBeanSupport.afterPropertiesSet(RepositoryFactoryBeanSupport.java:356) ~[spring-data-commons-3.5.1.jar:3.5.1]
	at org.springframework.data.jpa.repository.support.JpaRepositoryFactoryBean.afterPropertiesSet(JpaRepositoryFactoryBean.java:132) ~[spring-data-jpa-3.5.1.jar:3.5.1]
	at org.springframework.beans.factory.support.AbstractAutowireCapableBeanFactory.invokeInitMethods(AbstractAutowireCapableBeanFactory.java:1873) ~[spring-beans-6.2.8.jar:6.2.8]
	at org.springframework.beans.factory.support.AbstractAutowireCapableBeanFactory.initializeBean(AbstractAutowireCapableBeanFactory.java:1822) ~[spring-beans-6.2.8.jar:6.2.8]
	... 78 common frames omitted
Caused by: org.springframework.data.jpa.repository.query.BadJpqlGrammarException: At 1:29 and token '=', extraneous input '=' expecting {'(', '[', ':', '{', '?', ID, VERSION, VERSIONED, NATURALID, FK, ALL, AND, ANY, AS, ASC, AVG, BETWEEN, BOTH, BREADTH, BY, CASE, CAST, COLLATE, COLUMN, CONFLICT, CONSTRAINT, CONTAINS, COUNT, CROSS, CUBE, CURRENT, CURRENT_DATE, CURRENT_INSTANT, CURRENT_TIME, CURRENT_TIMESTAMP, CYCLE, DATE, DATETIME, DAY, DEFAULT, DELETE, DEPTH, DESC, DISTINCT, DO, ELEMENT, ELEMENTS, ELSE, EMPTY, END, ENTRY, EPOCH, ERROR, ESCAPE, EVERY, EXCEPT, EXCLUDE, EXISTS, EXTRACT, FETCH, FILTER, FIRST, FOLLOWING, FOR, FORMAT, FROM, FULL, FUNCTION, GROUP, GROUPS, HAVING, HOUR, IGNORE, ILIKE, IN, INCLUDES, INDEX, INDICES, INNER, INSERT, INSTANT, INTERSECT, INTERSECTS, INTO, IS, JOIN, KEY, KEYS, LAST, LATERAL, LEADING, LEFT, LIKE, LIMIT, LIST, LISTAGG, LOCAL, LOCAL_DATE, LOCAL_DATETIME, LOCAL_TIME, MAP, MATERIALIZED, MAX, MAXELEMENT, MAXINDEX, MEMBER, MICROSECOND, MILLISECOND, MIN, MINELEMENT, MININDEX, MINUTE, MONTH, NANOSECOND, NEW, NEXT, NO, NOT, NOTHING, NULLS, OBJECT, OF, OFFSET, OFFSET_DATETIME, ON, ONLY, OR, ORDER, OTHERS, OUTER, OVER, OVERFLOW, OVERLAY, PAD, PARTITION, PERCENT, PLACING, POSITION, PRECEDING, QUARTER, RANGE, RESPECT, RIGHT, ROLLUP, ROW, ROWS, SEARCH, SECOND, SELECT, SET, SIZE, SOME, SUBSTRING, SUM, THEN, TIES, TIME, TIMESTAMP, TIMEZONE_HOUR, TIMEZONE_MINUTE, TO, TRAILING, TREAT, TRIM, TRUNC, TRUNCATE, TYPE, UNBOUNDED, UNION, UPDATE, USING, VALUE, VALUES, WEEK, WHEN, WHERE, WITH, WITHIN, WITHOUT, YEAR, ZONED, NULL, TRUE, FALSE, STRING_LITERAL, JAVA_STRING_LITERAL, INTEGER_LITERAL, LONG_LITERAL, FLOAT_LITERAL, DOUBLE_LITERAL, BIG_INTEGER_LITERAL, BIG_DECIMAL_LITERAL, HEX_LITERAL, BINARY_LITERAL, '{ts', '{d', '{t', '+', '-', IDENTIFIER, QUOTED_IDENTIFIER}; Bad HQL grammar [From ProfileEntity where id == ?1 or lower(username) like ?2 or lower(name) like ?2]
	at org.springframework.data.jpa.repository.query.BadJpqlGrammarErrorListener.syntaxError(BadJpqlGrammarErrorListener.java:53) ~[spring-data-jpa-3.5.1.jar:3.5.1]
	at org.antlr.v4.runtime.ProxyErrorListener.syntaxError(ProxyErrorListener.java:41) ~[antlr4-runtime-4.13.0.jar:4.13.0]
	at org.antlr.v4.runtime.Parser.notifyErrorListeners(Parser.java:544) ~[antlr4-runtime-4.13.0.jar:4.13.0]
	at org.antlr.v4.runtime.DefaultErrorStrategy.reportUnwantedToken(DefaultErrorStrategy.java:377) ~[antlr4-runtime-4.13.0.jar:4.13.0]
	at org.antlr.v4.runtime.DefaultErrorStrategy.singleTokenDeletion(DefaultErrorStrategy.java:548) ~[antlr4-runtime-4.13.0.jar:4.13.0]
	at org.antlr.v4.runtime.DefaultErrorStrategy.sync(DefaultErrorStrategy.java:266) ~[antlr4-runtime-4.13.0.jar:4.13.0]
	at org.springframework.data.jpa.repository.query.HqlParser.expression(HqlParser.java:7602) ~[spring-data-jpa-3.5.1.jar:3.5.1]
	at org.springframework.data.jpa.repository.query.HqlParser.relationalExpression(HqlParser.java:16275) ~[spring-data-jpa-3.5.1.jar:3.5.1]
	at org.springframework.data.jpa.repository.query.HqlParser.predicate(HqlParser.java:15790) ~[spring-data-jpa-3.5.1.jar:3.5.1]
	at org.springframework.data.jpa.repository.query.HqlParser.whereClause(HqlParser.java:3933) ~[spring-data-jpa-3.5.1.jar:3.5.1]
	at org.springframework.data.jpa.repository.query.HqlParser.query(HqlParser.java:1385) ~[spring-data-jpa-3.5.1.jar:3.5.1]
	at org.springframework.data.jpa.repository.query.HqlParser.orderedQuery(HqlParser.java:1171) ~[spring-data-jpa-3.5.1.jar:3.5.1]
	at org.springframework.data.jpa.repository.query.HqlParser.queryExpression(HqlParser.java:540) ~[spring-data-jpa-3.5.1.jar:3.5.1]
	at org.springframework.data.jpa.repository.query.HqlParser.selectStatement(HqlParser.java:472) ~[spring-data-jpa-3.5.1.jar:3.5.1]
	at org.springframework.data.jpa.repository.query.HqlParser.ql_statement(HqlParser.java:402) ~[spring-data-jpa-3.5.1.jar:3.5.1]
	at org.springframework.data.jpa.repository.query.HqlParser.start(HqlParser.java:339) ~[spring-data-jpa-3.5.1.jar:3.5.1]
	at org.springframework.data.jpa.repository.query.JpaQueryEnhancer.parse(JpaQueryEnhancer.java:104) ~[spring-data-jpa-3.5.1.jar:3.5.1]
	at org.springframework.data.jpa.repository.query.JpaQueryEnhancer$HqlQueryParser.<init>(JpaQueryEnhancer.java:319) ~[spring-data-jpa-3.5.1.jar:3.5.1]
	at org.springframework.data.jpa.repository.query.JpaQueryEnhancer$HqlQueryParser.parseQuery(JpaQueryEnhancer.java:331) ~[spring-data-jpa-3.5.1.jar:3.5.1]
	at org.springframework.data.jpa.repository.query.JpaQueryEnhancer.forHql(JpaQueryEnhancer.java:167) ~[spring-data-jpa-3.5.1.jar:3.5.1]
	at org.springframework.data.jpa.repository.query.QueryEnhancerFactory.forQuery(QueryEnhancerFactory.java:68) ~[spring-data-jpa-3.5.1.jar:3.5.1]
	at org.springframework.data.jpa.repository.query.StringQuery.<init>(StringQuery.java:100) ~[spring-data-jpa-3.5.1.jar:3.5.1]
	at org.springframework.data.jpa.repository.query.StringQuery.<init>(StringQuery.java:79) ~[spring-data-jpa-3.5.1.jar:3.5.1]
	at org.springframework.data.jpa.repository.query.ExpressionBasedStringQuery.<init>(ExpressionBasedStringQuery.java:65) ~[spring-data-jpa-3.5.1.jar:3.5.1]
	at org.springframework.data.jpa.repository.query.AbstractStringBasedJpaQuery.<init>(AbstractStringBasedJpaQuery.java:87) ~[spring-data-jpa-3.5.1.jar:3.5.1]
	at org.springframework.data.jpa.repository.query.SimpleJpaQuery.<init>(SimpleJpaQuery.java:65) ~[spring-data-jpa-3.5.1.jar:3.5.1]
	at org.springframework.data.jpa.repository.query.JpaQueryFactory.fromMethodWithQueryString(JpaQueryFactory.java:49) ~[spring-data-jpa-3.5.1.jar:3.5.1]
	at org.springframework.data.jpa.repository.query.JpaQueryLookupStrategy$DeclaredQueryLookupStrategy.resolveQuery(JpaQueryLookupStrategy.java:174) ~[spring-data-jpa-3.5.1.jar:3.5.1]
	at org.springframework.data.jpa.repository.query.JpaQueryLookupStrategy$CreateIfNotFoundQueryLookupStrategy.resolveQuery(JpaQueryLookupStrategy.java:254) ~[spring-data-jpa-3.5.1.jar:3.5.1]
	at org.springframework.data.jpa.repository.query.JpaQueryLookupStrategy$AbstractQueryLookupStrategy.resolveQuery(JpaQueryLookupStrategy.java:99) ~[spring-data-jpa-3.5.1.jar:3.5.1]
	at org.springframework.data.repository.core.support.QueryExecutorMethodInterceptor.lookupQuery(QueryExecutorMethodInterceptor.java:116) ~[spring-data-commons-3.5.1.jar:3.5.1]
	... 90 common frames omitted

2025-08-03T17:25:21.607+05:00  INFO 2300 --- [api.web-blogging.uz] [main] api.web_blogging.uz.Application          : Starting Application using Java 23.0.2 with PID 2300 (D:\IT\Learning\Java\web-blogging\target\classes started by Victus in D:\IT\Learning\Java\web-blogging)
2025-08-03T17:25:21.610+05:00  INFO 2300 --- [api.web-blogging.uz] [main] api.web_blogging.uz.Application          : The following 1 profile is active: "local"
2025-08-03T17:25:22.430+05:00  INFO 2300 --- [api.web-blogging.uz] [main] .s.d.r.c.RepositoryConfigurationDelegate : Bootstrapping Spring Data JPA repositories in DEFAULT mode.
2025-08-03T17:25:22.510+05:00  INFO 2300 --- [api.web-blogging.uz] [main] .s.d.r.c.RepositoryConfigurationDelegate : Finished Spring Data repository scanning in 68 ms. Found 6 JPA repository interfaces.
2025-08-03T17:25:23.019+05:00  INFO 2300 --- [api.web-blogging.uz] [main] o.s.b.w.embedded.tomcat.TomcatWebServer  : Tomcat initialized with port 9999 (http)
2025-08-03T17:25:23.033+05:00  INFO 2300 --- [api.web-blogging.uz] [main] o.apache.catalina.core.StandardService   : Starting service [Tomcat]
2025-08-03T17:25:23.033+05:00  INFO 2300 --- [api.web-blogging.uz] [main] o.apache.catalina.core.StandardEngine    : Starting Servlet engine: [Apache Tomcat/10.1.42]
2025-08-03T17:25:23.086+05:00  INFO 2300 --- [api.web-blogging.uz] [main] o.a.c.c.C.[Tomcat].[localhost].[/]       : Initializing Spring embedded WebApplicationContext
2025-08-03T17:25:23.087+05:00  INFO 2300 --- [api.web-blogging.uz] [main] w.s.c.ServletWebServerApplicationContext : Root WebApplicationContext: initialization completed in 1424 ms
2025-08-03T17:25:23.215+05:00  INFO 2300 --- [api.web-blogging.uz] [main] o.hibernate.jpa.internal.util.LogHelper  : HHH000204: Processing PersistenceUnitInfo [name: default]
2025-08-03T17:25:23.274+05:00  INFO 2300 --- [api.web-blogging.uz] [main] org.hibernate.Version                    : HHH000412: Hibernate ORM core version 6.6.18.Final
2025-08-03T17:25:23.304+05:00  INFO 2300 --- [api.web-blogging.uz] [main] o.h.c.internal.RegionFactoryInitiator    : HHH000026: Second-level cache disabled
2025-08-03T17:25:23.567+05:00  INFO 2300 --- [api.web-blogging.uz] [main] o.s.o.j.p.SpringPersistenceUnitInfo      : No LoadTimeWeaver setup: ignoring JPA class transformer
2025-08-03T17:25:23.599+05:00  INFO 2300 --- [api.web-blogging.uz] [main] com.zaxxer.hikari.HikariDataSource       : HikariPool-1 - Starting...
2025-08-03T17:25:23.876+05:00  INFO 2300 --- [api.web-blogging.uz] [main] com.zaxxer.hikari.pool.HikariPool        : HikariPool-1 - Added connection org.postgresql.jdbc.PgConnection@78b9155e
2025-08-03T17:25:23.878+05:00  INFO 2300 --- [api.web-blogging.uz] [main] com.zaxxer.hikari.HikariDataSource       : HikariPool-1 - Start completed.
2025-08-03T17:25:23.914+05:00  WARN 2300 --- [api.web-blogging.uz] [main] org.hibernate.orm.deprecation            : HHH90000025: PostgreSQLDialect does not need to be specified explicitly using 'hibernate.dialect' (remove the property setting and it will be selected by default)
2025-08-03T17:25:23.935+05:00  INFO 2300 --- [api.web-blogging.uz] [main] org.hibernate.orm.connections.pooling    : HHH10001005: Database info:
	Database JDBC URL [Connecting through datasource 'HikariDataSource (HikariPool-1)']
	Database driver: undefined/unknown
	Database version: 17.2
	Autocommit mode: undefined/unknown
	Isolation level: undefined/unknown
	Minimum pool size: undefined/unknown
	Maximum pool size: undefined/unknown
2025-08-03T17:25:24.949+05:00  INFO 2300 --- [api.web-blogging.uz] [main] o.h.e.t.j.p.i.JtaPlatformInitiator       : HHH000489: No JTA platform available (set 'hibernate.transaction.jta.platform' to enable JTA platform integration)
2025-08-03T17:25:25.241+05:00  INFO 2300 --- [api.web-blogging.uz] [main] j.LocalContainerEntityManagerFactoryBean : Initialized JPA EntityManagerFactory for persistence unit 'default'
2025-08-03T17:25:25.516+05:00  INFO 2300 --- [api.web-blogging.uz] [main] o.s.d.j.r.query.QueryEnhancerFactory     : Hibernate is in classpath; If applicable, HQL parser will be used.
2025-08-03T17:25:26.302+05:00  WARN 2300 --- [api.web-blogging.uz] [main] ConfigServletWebServerApplicationContext : Exception encountered during context initialization - cancelling refresh attempt: org.springframework.beans.factory.UnsatisfiedDependencyException: Error creating bean with name 'authController': Unsatisfied dependency expressed through field 'authService': Error creating bean with name 'authService': Unsatisfied dependency expressed through field 'profileEntityService': Error creating bean with name 'profileEntityService': Unsatisfied dependency expressed through field 'smsSendHistoryService': Error creating bean with name 'smsSendHistoryService': Unsatisfied dependency expressed through field 'smsSendHistoryRepository': Error creating bean with name 'smsSendHistoryRepository' defined in api.web_blogging.uz.repository.SmsSendHistoryRepository defined in @EnableJpaRepositories declared on JpaRepositoriesRegistrar.EnableJpaRepositoriesConfiguration: Could not create query for public abstract java.lang.Long api.web_blogging.uz.repository.SmsSendHistoryRepository.countByPhoneAndCreatedAtBefore(java.lang.String,java.time.LocalDateTime,java.time.LocalDateTime); Reason: Failed to create query for method public abstract java.lang.Long api.web_blogging.uz.repository.SmsSendHistoryRepository.countByPhoneAndCreatedAtBefore(java.lang.String,java.time.LocalDateTime,java.time.LocalDateTime); At least 3 parameter(s) provided but only 2 parameter(s) present in query
2025-08-03T17:25:26.303+05:00  INFO 2300 --- [api.web-blogging.uz] [main] j.LocalContainerEntityManagerFactoryBean : Closing JPA EntityManagerFactory for persistence unit 'default'
2025-08-03T17:25:26.305+05:00  INFO 2300 --- [api.web-blogging.uz] [main] com.zaxxer.hikari.HikariDataSource       : HikariPool-1 - Shutdown initiated...
2025-08-03T17:25:26.310+05:00  INFO 2300 --- [api.web-blogging.uz] [main] com.zaxxer.hikari.HikariDataSource       : HikariPool-1 - Shutdown completed.
2025-08-03T17:25:26.312+05:00  INFO 2300 --- [api.web-blogging.uz] [main] o.apache.catalina.core.StandardService   : Stopping service [Tomcat]
2025-08-03T17:25:26.325+05:00  INFO 2300 --- [api.web-blogging.uz] [main] .s.b.a.l.ConditionEvaluationReportLogger : 

Error starting ApplicationContext. To display the condition evaluation report re-run your application with 'debug' enabled.
2025-08-03T17:25:26.340+05:00 ERROR 2300 --- [api.web-blogging.uz] [main] o.s.boot.SpringApplication               : Application run failed

org.springframework.beans.factory.UnsatisfiedDependencyException: Error creating bean with name 'authController': Unsatisfied dependency expressed through field 'authService': Error creating bean with name 'authService': Unsatisfied dependency expressed through field 'profileEntityService': Error creating bean with name 'profileEntityService': Unsatisfied dependency expressed through field 'smsSendHistoryService': Error creating bean with name 'smsSendHistoryService': Unsatisfied dependency expressed through field 'smsSendHistoryRepository': Error creating bean with name 'smsSendHistoryRepository' defined in api.web_blogging.uz.repository.SmsSendHistoryRepository defined in @EnableJpaRepositories declared on JpaRepositoriesRegistrar.EnableJpaRepositoriesConfiguration: Could not create query for public abstract java.lang.Long api.web_blogging.uz.repository.SmsSendHistoryRepository.countByPhoneAndCreatedAtBefore(java.lang.String,java.time.LocalDateTime,java.time.LocalDateTime); Reason: Failed to create query for method public abstract java.lang.Long api.web_blogging.uz.repository.SmsSendHistoryRepository.countByPhoneAndCreatedAtBefore(java.lang.String,java.time.LocalDateTime,java.time.LocalDateTime); At least 3 parameter(s) provided but only 2 parameter(s) present in query
	at org.springframework.beans.factory.annotation.AutowiredAnnotationBeanPostProcessor$AutowiredFieldElement.resolveFieldValue(AutowiredAnnotationBeanPostProcessor.java:788) ~[spring-beans-6.2.8.jar:6.2.8]
	at org.springframework.beans.factory.annotation.AutowiredAnnotationBeanPostProcessor$AutowiredFieldElement.inject(AutowiredAnnotationBeanPostProcessor.java:768) ~[spring-beans-6.2.8.jar:6.2.8]
	at org.springframework.beans.factory.annotation.InjectionMetadata.inject(InjectionMetadata.java:146) ~[spring-beans-6.2.8.jar:6.2.8]
	at org.springframework.beans.factory.annotation.AutowiredAnnotationBeanPostProcessor.postProcessProperties(AutowiredAnnotationBeanPostProcessor.java:509) ~[spring-beans-6.2.8.jar:6.2.8]
	at org.springframework.beans.factory.support.AbstractAutowireCapableBeanFactory.populateBean(AbstractAutowireCapableBeanFactory.java:1459) ~[spring-beans-6.2.8.jar:6.2.8]
	at org.springframework.beans.factory.support.AbstractAutowireCapableBeanFactory.doCreateBean(AbstractAutowireCapableBeanFactory.java:606) ~[spring-beans-6.2.8.jar:6.2.8]
	at org.springframework.beans.factory.support.AbstractAutowireCapableBeanFactory.createBean(AbstractAutowireCapableBeanFactory.java:529) ~[spring-beans-6.2.8.jar:6.2.8]
	at org.springframework.beans.factory.support.AbstractBeanFactory.lambda$doGetBean$0(AbstractBeanFactory.java:339) ~[spring-beans-6.2.8.jar:6.2.8]
	at org.springframework.beans.factory.support.DefaultSingletonBeanRegistry.getSingleton(DefaultSingletonBeanRegistry.java:373) ~[spring-beans-6.2.8.jar:6.2.8]
	at org.springframework.beans.factory.support.AbstractBeanFactory.doGetBean(AbstractBeanFactory.java:337) ~[spring-beans-6.2.8.jar:6.2.8]
	at org.springframework.beans.factory.support.AbstractBeanFactory.getBean(AbstractBeanFactory.java:202) ~[spring-beans-6.2.8.jar:6.2.8]
	at org.springframework.beans.factory.support.DefaultListableBeanFactory.instantiateSingleton(DefaultListableBeanFactory.java:1222) ~[spring-beans-6.2.8.jar:6.2.8]
	at org.springframework.beans.factory.support.DefaultListableBeanFactory.preInstantiateSingleton(DefaultListableBeanFactory.java:1188) ~[spring-beans-6.2.8.jar:6.2.8]
	at org.springframework.beans.factory.support.DefaultListableBeanFactory.preInstantiateSingletons(DefaultListableBeanFactory.java:1123) ~[spring-beans-6.2.8.jar:6.2.8]
	at org.springframework.context.support.AbstractApplicationContext.finishBeanFactoryInitialization(AbstractApplicationContext.java:987) ~[spring-context-6.2.8.jar:6.2.8]
	at org.springframework.context.support.AbstractApplicationContext.refresh(AbstractApplicationContext.java:627) ~[spring-context-6.2.8.jar:6.2.8]
	at org.springframework.boot.web.servlet.context.ServletWebServerApplicationContext.refresh(ServletWebServerApplicationContext.java:146) ~[spring-boot-3.5.3.jar:3.5.3]
	at org.springframework.boot.SpringApplication.refresh(SpringApplication.java:752) ~[spring-boot-3.5.3.jar:3.5.3]
	at org.springframework.boot.SpringApplication.refreshContext(SpringApplication.java:439) ~[spring-boot-3.5.3.jar:3.5.3]
	at org.springframework.boot.SpringApplication.run(SpringApplication.java:318) ~[spring-boot-3.5.3.jar:3.5.3]
	at org.springframework.boot.SpringApplication.run(SpringApplication.java:1361) ~[spring-boot-3.5.3.jar:3.5.3]
	at org.springframework.boot.SpringApplication.run(SpringApplication.java:1350) ~[spring-boot-3.5.3.jar:3.5.3]
	at api.web_blogging.uz.Application.main(Application.java:10) ~[classes/:na]
Caused by: org.springframework.beans.factory.UnsatisfiedDependencyException: Error creating bean with name 'authService': Unsatisfied dependency expressed through field 'profileEntityService': Error creating bean with name 'profileEntityService': Unsatisfied dependency expressed through field 'smsSendHistoryService': Error creating bean with name 'smsSendHistoryService': Unsatisfied dependency expressed through field 'smsSendHistoryRepository': Error creating bean with name 'smsSendHistoryRepository' defined in api.web_blogging.uz.repository.SmsSendHistoryRepository defined in @EnableJpaRepositories declared on JpaRepositoriesRegistrar.EnableJpaRepositoriesConfiguration: Could not create query for public abstract java.lang.Long api.web_blogging.uz.repository.SmsSendHistoryRepository.countByPhoneAndCreatedAtBefore(java.lang.String,java.time.LocalDateTime,java.time.LocalDateTime); Reason: Failed to create query for method public abstract java.lang.Long api.web_blogging.uz.repository.SmsSendHistoryRepository.countByPhoneAndCreatedAtBefore(java.lang.String,java.time.LocalDateTime,java.time.LocalDateTime); At least 3 parameter(s) provided but only 2 parameter(s) present in query
	at org.springframework.beans.factory.annotation.AutowiredAnnotationBeanPostProcessor$AutowiredFieldElement.resolveFieldValue(AutowiredAnnotationBeanPostProcessor.java:788) ~[spring-beans-6.2.8.jar:6.2.8]
	at org.springframework.beans.factory.annotation.AutowiredAnnotationBeanPostProcessor$AutowiredFieldElement.inject(AutowiredAnnotationBeanPostProcessor.java:768) ~[spring-beans-6.2.8.jar:6.2.8]
	at org.springframework.beans.factory.annotation.InjectionMetadata.inject(InjectionMetadata.java:146) ~[spring-beans-6.2.8.jar:6.2.8]
	at org.springframework.beans.factory.annotation.AutowiredAnnotationBeanPostProcessor.postProcessProperties(AutowiredAnnotationBeanPostProcessor.java:509) ~[spring-beans-6.2.8.jar:6.2.8]
	at org.springframework.beans.factory.support.AbstractAutowireCapableBeanFactory.populateBean(AbstractAutowireCapableBeanFactory.java:1459) ~[spring-beans-6.2.8.jar:6.2.8]
	at org.springframework.beans.factory.support.AbstractAutowireCapableBeanFactory.doCreateBean(AbstractAutowireCapableBeanFactory.java:606) ~[spring-beans-6.2.8.jar:6.2.8]
	at org.springframework.beans.factory.support.AbstractAutowireCapableBeanFactory.createBean(AbstractAutowireCapableBeanFactory.java:529) ~[spring-beans-6.2.8.jar:6.2.8]
	at org.springframework.beans.factory.support.AbstractBeanFactory.lambda$doGetBean$0(AbstractBeanFactory.java:339) ~[spring-beans-6.2.8.jar:6.2.8]
	at org.springframework.beans.factory.support.DefaultSingletonBeanRegistry.getSingleton(DefaultSingletonBeanRegistry.java:373) ~[spring-beans-6.2.8.jar:6.2.8]
	at org.springframework.beans.factory.support.AbstractBeanFactory.doGetBean(AbstractBeanFactory.java:337) ~[spring-beans-6.2.8.jar:6.2.8]
	at org.springframework.beans.factory.support.AbstractBeanFactory.getBean(AbstractBeanFactory.java:202) ~[spring-beans-6.2.8.jar:6.2.8]
	at org.springframework.beans.factory.support.DefaultListableBeanFactory.doResolveDependency(DefaultListableBeanFactory.java:1683) ~[spring-beans-6.2.8.jar:6.2.8]
	at org.springframework.beans.factory.support.DefaultListableBeanFactory.resolveDependency(DefaultListableBeanFactory.java:1628) ~[spring-beans-6.2.8.jar:6.2.8]
	at org.springframework.beans.factory.annotation.AutowiredAnnotationBeanPostProcessor$AutowiredFieldElement.resolveFieldValue(AutowiredAnnotationBeanPostProcessor.java:785) ~[spring-beans-6.2.8.jar:6.2.8]
	... 22 common frames omitted
Caused by: org.springframework.beans.factory.UnsatisfiedDependencyException: Error creating bean with name 'profileEntityService': Unsatisfied dependency expressed through field 'smsSendHistoryService': Error creating bean with name 'smsSendHistoryService': Unsatisfied dependency expressed through field 'smsSendHistoryRepository': Error creating bean with name 'smsSendHistoryRepository' defined in api.web_blogging.uz.repository.SmsSendHistoryRepository defined in @EnableJpaRepositories declared on JpaRepositoriesRegistrar.EnableJpaRepositoriesConfiguration: Could not create query for public abstract java.lang.Long api.web_blogging.uz.repository.SmsSendHistoryRepository.countByPhoneAndCreatedAtBefore(java.lang.String,java.time.LocalDateTime,java.time.LocalDateTime); Reason: Failed to create query for method public abstract java.lang.Long api.web_blogging.uz.repository.SmsSendHistoryRepository.countByPhoneAndCreatedAtBefore(java.lang.String,java.time.LocalDateTime,java.time.LocalDateTime); At least 3 parameter(s) provided but only 2 parameter(s) present in query
	at org.springframework.beans.factory.annotation.AutowiredAnnotationBeanPostProcessor$AutowiredFieldElement.resolveFieldValue(AutowiredAnnotationBeanPostProcessor.java:788) ~[spring-beans-6.2.8.jar:6.2.8]
	at org.springframework.beans.factory.annotation.AutowiredAnnotationBeanPostProcessor$AutowiredFieldElement.inject(AutowiredAnnotationBeanPostProcessor.java:768) ~[spring-beans-6.2.8.jar:6.2.8]
	at org.springframework.beans.factory.annotation.InjectionMetadata.inject(InjectionMetadata.java:146) ~[spring-beans-6.2.8.jar:6.2.8]
	at org.springframework.beans.factory.annotation.AutowiredAnnotationBeanPostProcessor.postProcessProperties(AutowiredAnnotationBeanPostProcessor.java:509) ~[spring-beans-6.2.8.jar:6.2.8]
	at org.springframework.beans.factory.support.AbstractAutowireCapableBeanFactory.populateBean(AbstractAutowireCapableBeanFactory.java:1459) ~[spring-beans-6.2.8.jar:6.2.8]
	at org.springframework.beans.factory.support.AbstractAutowireCapableBeanFactory.doCreateBean(AbstractAutowireCapableBeanFactory.java:606) ~[spring-beans-6.2.8.jar:6.2.8]
	at org.springframework.beans.factory.support.AbstractAutowireCapableBeanFactory.createBean(AbstractAutowireCapableBeanFactory.java:529) ~[spring-beans-6.2.8.jar:6.2.8]
	at org.springframework.beans.factory.support.AbstractBeanFactory.lambda$doGetBean$0(AbstractBeanFactory.java:339) ~[spring-beans-6.2.8.jar:6.2.8]
	at org.springframework.beans.factory.support.DefaultSingletonBeanRegistry.getSingleton(DefaultSingletonBeanRegistry.java:373) ~[spring-beans-6.2.8.jar:6.2.8]
	at org.springframework.beans.factory.support.AbstractBeanFactory.doGetBean(AbstractBeanFactory.java:337) ~[spring-beans-6.2.8.jar:6.2.8]
	at org.springframework.beans.factory.support.AbstractBeanFactory.getBean(AbstractBeanFactory.java:202) ~[spring-beans-6.2.8.jar:6.2.8]
	at org.springframework.beans.factory.support.DefaultListableBeanFactory.doResolveDependency(DefaultListableBeanFactory.java:1683) ~[spring-beans-6.2.8.jar:6.2.8]
	at org.springframework.beans.factory.support.DefaultListableBeanFactory.resolveDependency(DefaultListableBeanFactory.java:1628) ~[spring-beans-6.2.8.jar:6.2.8]
	at org.springframework.beans.factory.annotation.AutowiredAnnotationBeanPostProcessor$AutowiredFieldElement.resolveFieldValue(AutowiredAnnotationBeanPostProcessor.java:785) ~[spring-beans-6.2.8.jar:6.2.8]
	... 35 common frames omitted
Caused by: org.springframework.beans.factory.UnsatisfiedDependencyException: Error creating bean with name 'smsSendHistoryService': Unsatisfied dependency expressed through field 'smsSendHistoryRepository': Error creating bean with name 'smsSendHistoryRepository' defined in api.web_blogging.uz.repository.SmsSendHistoryRepository defined in @EnableJpaRepositories declared on JpaRepositoriesRegistrar.EnableJpaRepositoriesConfiguration: Could not create query for public abstract java.lang.Long api.web_blogging.uz.repository.SmsSendHistoryRepository.countByPhoneAndCreatedAtBefore(java.lang.String,java.time.LocalDateTime,java.time.LocalDateTime); Reason: Failed to create query for method public abstract java.lang.Long api.web_blogging.uz.repository.SmsSendHistoryRepository.countByPhoneAndCreatedAtBefore(java.lang.String,java.time.LocalDateTime,java.time.LocalDateTime); At least 3 parameter(s) provided but only 2 parameter(s) present in query
	at org.springframework.beans.factory.annotation.AutowiredAnnotationBeanPostProcessor$AutowiredFieldElement.resolveFieldValue(AutowiredAnnotationBeanPostProcessor.java:788) ~[spring-beans-6.2.8.jar:6.2.8]
	at org.springframework.beans.factory.annotation.AutowiredAnnotationBeanPostProcessor$AutowiredFieldElement.inject(AutowiredAnnotationBeanPostProcessor.java:768) ~[spring-beans-6.2.8.jar:6.2.8]
	at org.springframework.beans.factory.annotation.InjectionMetadata.inject(InjectionMetadata.java:146) ~[spring-beans-6.2.8.jar:6.2.8]
	at org.springframework.beans.factory.annotation.AutowiredAnnotationBeanPostProcessor.postProcessProperties(AutowiredAnnotationBeanPostProcessor.java:509) ~[spring-beans-6.2.8.jar:6.2.8]
	at org.springframework.beans.factory.support.AbstractAutowireCapableBeanFactory.populateBean(AbstractAutowireCapableBeanFactory.java:1459) ~[spring-beans-6.2.8.jar:6.2.8]
	at org.springframework.beans.factory.support.AbstractAutowireCapableBeanFactory.doCreateBean(AbstractAutowireCapableBeanFactory.java:606) ~[spring-beans-6.2.8.jar:6.2.8]
	at org.springframework.beans.factory.support.AbstractAutowireCapableBeanFactory.createBean(AbstractAutowireCapableBeanFactory.java:529) ~[spring-beans-6.2.8.jar:6.2.8]
	at org.springframework.beans.factory.support.AbstractBeanFactory.lambda$doGetBean$0(AbstractBeanFactory.java:339) ~[spring-beans-6.2.8.jar:6.2.8]
	at org.springframework.beans.factory.support.DefaultSingletonBeanRegistry.getSingleton(DefaultSingletonBeanRegistry.java:373) ~[spring-beans-6.2.8.jar:6.2.8]
	at org.springframework.beans.factory.support.AbstractBeanFactory.doGetBean(AbstractBeanFactory.java:337) ~[spring-beans-6.2.8.jar:6.2.8]
	at org.springframework.beans.factory.support.AbstractBeanFactory.getBean(AbstractBeanFactory.java:202) ~[spring-beans-6.2.8.jar:6.2.8]
	at org.springframework.beans.factory.support.DefaultListableBeanFactory.doResolveDependency(DefaultListableBeanFactory.java:1683) ~[spring-beans-6.2.8.jar:6.2.8]
	at org.springframework.beans.factory.support.DefaultListableBeanFactory.resolveDependency(DefaultListableBeanFactory.java:1628) ~[spring-beans-6.2.8.jar:6.2.8]
	at org.springframework.beans.factory.annotation.AutowiredAnnotationBeanPostProcessor$AutowiredFieldElement.resolveFieldValue(AutowiredAnnotationBeanPostProcessor.java:785) ~[spring-beans-6.2.8.jar:6.2.8]
	... 48 common frames omitted
Caused by: org.springframework.beans.factory.BeanCreationException: Error creating bean with name 'smsSendHistoryRepository' defined in api.web_blogging.uz.repository.SmsSendHistoryRepository defined in @EnableJpaRepositories declared on JpaRepositoriesRegistrar.EnableJpaRepositoriesConfiguration: Could not create query for public abstract java.lang.Long api.web_blogging.uz.repository.SmsSendHistoryRepository.countByPhoneAndCreatedAtBefore(java.lang.String,java.time.LocalDateTime,java.time.LocalDateTime); Reason: Failed to create query for method public abstract java.lang.Long api.web_blogging.uz.repository.SmsSendHistoryRepository.countByPhoneAndCreatedAtBefore(java.lang.String,java.time.LocalDateTime,java.time.LocalDateTime); At least 3 parameter(s) provided but only 2 parameter(s) present in query
	at org.springframework.beans.factory.support.AbstractAutowireCapableBeanFactory.initializeBean(AbstractAutowireCapableBeanFactory.java:1826) ~[spring-beans-6.2.8.jar:6.2.8]
	at org.springframework.beans.factory.support.AbstractAutowireCapableBeanFactory.doCreateBean(AbstractAutowireCapableBeanFactory.java:607) ~[spring-beans-6.2.8.jar:6.2.8]
	at org.springframework.beans.factory.support.AbstractAutowireCapableBeanFactory.createBean(AbstractAutowireCapableBeanFactory.java:529) ~[spring-beans-6.2.8.jar:6.2.8]
	at org.springframework.beans.factory.support.AbstractBeanFactory.lambda$doGetBean$0(AbstractBeanFactory.java:339) ~[spring-beans-6.2.8.jar:6.2.8]
	at org.springframework.beans.factory.support.DefaultSingletonBeanRegistry.getSingleton(DefaultSingletonBeanRegistry.java:373) ~[spring-beans-6.2.8.jar:6.2.8]
	at org.springframework.beans.factory.support.AbstractBeanFactory.doGetBean(AbstractBeanFactory.java:337) ~[spring-beans-6.2.8.jar:6.2.8]
	at org.springframework.beans.factory.support.AbstractBeanFactory.getBean(AbstractBeanFactory.java:202) ~[spring-beans-6.2.8.jar:6.2.8]
	at org.springframework.beans.factory.support.DefaultListableBeanFactory.doResolveDependency(DefaultListableBeanFactory.java:1683) ~[spring-beans-6.2.8.jar:6.2.8]
	at org.springframework.beans.factory.support.DefaultListableBeanFactory.resolveDependency(DefaultListableBeanFactory.java:1628) ~[spring-beans-6.2.8.jar:6.2.8]
	at org.springframework.beans.factory.annotation.AutowiredAnnotationBeanPostProcessor$AutowiredFieldElement.resolveFieldValue(AutowiredAnnotationBeanPostProcessor.java:785) ~[spring-beans-6.2.8.jar:6.2.8]
	... 61 common frames omitted
Caused by: org.springframework.data.repository.query.QueryCreationException: Could not create query for public abstract java.lang.Long api.web_blogging.uz.repository.SmsSendHistoryRepository.countByPhoneAndCreatedAtBefore(java.lang.String,java.time.LocalDateTime,java.time.LocalDateTime); Reason: Failed to create query for method public abstract java.lang.Long api.web_blogging.uz.repository.SmsSendHistoryRepository.countByPhoneAndCreatedAtBefore(java.lang.String,java.time.LocalDateTime,java.time.LocalDateTime); At least 3 parameter(s) provided but only 2 parameter(s) present in query
	at org.springframework.data.repository.query.QueryCreationException.create(QueryCreationException.java:101) ~[spring-data-commons-3.5.1.jar:3.5.1]
	at org.springframework.data.repository.core.support.QueryExecutorMethodInterceptor.lookupQuery(QueryExecutorMethodInterceptor.java:120) ~[spring-data-commons-3.5.1.jar:3.5.1]
	at org.springframework.data.repository.core.support.QueryExecutorMethodInterceptor.mapMethodsToQuery(QueryExecutorMethodInterceptor.java:104) ~[spring-data-commons-3.5.1.jar:3.5.1]
	at org.springframework.data.repository.core.support.QueryExecutorMethodInterceptor.lambda$new$0(QueryExecutorMethodInterceptor.java:92) ~[spring-data-commons-3.5.1.jar:3.5.1]
	at java.base/java.util.Optional.map(Optional.java:260) ~[na:na]
	at org.springframework.data.repository.core.support.QueryExecutorMethodInterceptor.<init>(QueryExecutorMethodInterceptor.java:92) ~[spring-data-commons-3.5.1.jar:3.5.1]
	at org.springframework.data.repository.core.support.RepositoryFactorySupport.getRepository(RepositoryFactorySupport.java:434) ~[spring-data-commons-3.5.1.jar:3.5.1]
	at org.springframework.data.repository.core.support.RepositoryFactoryBeanSupport.lambda$afterPropertiesSet$4(RepositoryFactoryBeanSupport.java:350) ~[spring-data-commons-3.5.1.jar:3.5.1]
	at org.springframework.data.util.Lazy.getNullable(Lazy.java:135) ~[spring-data-commons-3.5.1.jar:3.5.1]
	at org.springframework.data.util.Lazy.get(Lazy.java:113) ~[spring-data-commons-3.5.1.jar:3.5.1]
	at org.springframework.data.repository.core.support.RepositoryFactoryBeanSupport.afterPropertiesSet(RepositoryFactoryBeanSupport.java:356) ~[spring-data-commons-3.5.1.jar:3.5.1]
	at org.springframework.data.jpa.repository.support.JpaRepositoryFactoryBean.afterPropertiesSet(JpaRepositoryFactoryBean.java:132) ~[spring-data-jpa-3.5.1.jar:3.5.1]
	at org.springframework.beans.factory.support.AbstractAutowireCapableBeanFactory.invokeInitMethods(AbstractAutowireCapableBeanFactory.java:1873) ~[spring-beans-6.2.8.jar:6.2.8]
	at org.springframework.beans.factory.support.AbstractAutowireCapableBeanFactory.initializeBean(AbstractAutowireCapableBeanFactory.java:1822) ~[spring-beans-6.2.8.jar:6.2.8]
	... 70 common frames omitted
Caused by: java.lang.IllegalArgumentException: Failed to create query for method public abstract java.lang.Long api.web_blogging.uz.repository.SmsSendHistoryRepository.countByPhoneAndCreatedAtBefore(java.lang.String,java.time.LocalDateTime,java.time.LocalDateTime); At least 3 parameter(s) provided but only 2 parameter(s) present in query
	at org.springframework.data.jpa.repository.query.PartTreeJpaQuery.<init>(PartTreeJpaQuery.java:107) ~[spring-data-jpa-3.5.1.jar:3.5.1]
	at org.springframework.data.jpa.repository.query.JpaQueryLookupStrategy$CreateQueryLookupStrategy.resolveQuery(JpaQueryLookupStrategy.java:128) ~[spring-data-jpa-3.5.1.jar:3.5.1]
	at org.springframework.data.jpa.repository.query.JpaQueryLookupStrategy$CreateIfNotFoundQueryLookupStrategy.resolveQuery(JpaQueryLookupStrategy.java:260) ~[spring-data-jpa-3.5.1.jar:3.5.1]
	at org.springframework.data.jpa.repository.query.JpaQueryLookupStrategy$AbstractQueryLookupStrategy.resolveQuery(JpaQueryLookupStrategy.java:99) ~[spring-data-jpa-3.5.1.jar:3.5.1]
	at org.springframework.data.repository.core.support.QueryExecutorMethodInterceptor.lookupQuery(QueryExecutorMethodInterceptor.java:116) ~[spring-data-commons-3.5.1.jar:3.5.1]
	... 82 common frames omitted
Caused by: java.lang.IllegalArgumentException: At least 3 parameter(s) provided but only 2 parameter(s) present in query
	at org.springframework.util.Assert.isTrue(Assert.java:135) ~[spring-core-6.2.8.jar:6.2.8]
	at org.springframework.data.jpa.repository.query.QueryParameterSetterFactory$CriteriaQueryParameterSetterFactory.create(QueryParameterSetterFactory.java:294) ~[spring-data-jpa-3.5.1.jar:3.5.1]
	at org.springframework.data.jpa.repository.query.ParameterBinderFactory.createQueryParameterSetter(ParameterBinderFactory.java:146) ~[spring-data-jpa-3.5.1.jar:3.5.1]
	at org.springframework.data.jpa.repository.query.ParameterBinderFactory.createSetters(ParameterBinderFactory.java:135) ~[spring-data-jpa-3.5.1.jar:3.5.1]
	at org.springframework.data.jpa.repository.query.ParameterBinderFactory.createSetters(ParameterBinderFactory.java:127) ~[spring-data-jpa-3.5.1.jar:3.5.1]
	at org.springframework.data.jpa.repository.query.ParameterBinderFactory.createCriteriaBinder(ParameterBinderFactory.java:73) ~[spring-data-jpa-3.5.1.jar:3.5.1]
	at org.springframework.data.jpa.repository.query.PartTreeJpaQuery$QueryPreparer.getBinder(PartTreeJpaQuery.java:350) ~[spring-data-jpa-3.5.1.jar:3.5.1]
	at org.springframework.data.jpa.repository.query.PartTreeJpaQuery$QueryPreparer.<init>(PartTreeJpaQuery.java:225) ~[spring-data-jpa-3.5.1.jar:3.5.1]
	at org.springframework.data.jpa.repository.query.PartTreeJpaQuery$CountQueryPreparer.<init>(PartTreeJpaQuery.java:370) ~[spring-data-jpa-3.5.1.jar:3.5.1]
	at org.springframework.data.jpa.repository.query.PartTreeJpaQuery.<init>(PartTreeJpaQuery.java:103) ~[spring-data-jpa-3.5.1.jar:3.5.1]
	... 86 common frames omitted

